<?xml version="1.0" encoding="UTF-8"?>
<testng-results ignored="0" total="1" passed="1" failed="0" skipped="0">
  <reporter-output>
  </reporter-output>
  <suite started-at="2023-11-29T00:56:10 IST" name="TaskStatusTest" finished-at="2023-11-29T00:56:11 IST" duration-ms="929">
    <groups>
    </groups>
    <test started-at="2023-11-29T00:56:10 IST" name="Command line test" finished-at="2023-11-29T00:56:11 IST" duration-ms="929">
      <class name="TaskStatusTest">
        <test-method signature="taskStatusTest()[pri:0, instance:TaskStatusTest@3b2c72c2]" started-at="2023-11-29T00:56:10 IST" name="taskStatusTest" description="User Completed task percentage should be greater than 50%" finished-at="2023-11-29T00:56:11 IST" duration-ms="913" status="PASS">
          <reporter-output>
          </reporter-output>
        </test-method> <!-- taskStatusTest -->
      </class> <!-- TaskStatusTest -->
    </test> <!-- Command line test -->
  </suite> <!-- TaskStatusTest -->
</testng-results>
